2015-11-27 01:03:44,767 - [INFO] - from play in pool-4-thread-1 
Listening for HTTP on /0:0:0:0:0:0:0:0:9000

2015-11-27 01:04:22,589 - [INFO] - from play in play-internal-execution-context-1 
datasource [jdbc:h2:mem:play] bound to JNDI as DefaultDS

2015-11-27 01:04:22,964 - [INFO] - from play in play-internal-execution-context-1 
database [default] connected at jdbc:h2:mem:play

2015-11-27 01:04:26,728 - [INFO] - from application in play-internal-execution-context-1 
Aplicação inicializada...

2015-11-27 01:04:28,825 - [INFO] - from play in play-internal-execution-context-1 
Application started (Dev)

2015-11-27 01:09:34,481 - [INFO] - from application in pool-4-thread-1 
Aplicação finalizando...

2015-11-27 01:09:34,623 - [WARN] - from play in pool-4-thread-1 
Error stopping plugin
java.lang.RuntimeException: java.lang.IllegalArgumentException: attempt to create delete event with null entity
	at play.db.jpa.JPA.withTransaction(JPA.java:108) ~[play-java-jpa_2.10-2.2.3.jar:2.2.3]
	at Global.onStop(Global.java:65) ~[classes/:na]
	at play.core.j.JavaGlobalSettingsAdapter.onStop(JavaGlobalSettingsAdapter.scala:22) ~[play_2.10-2.2.3.jar:2.2.3]
	at play.api.GlobalPlugin.onStop(GlobalSettings.scala:210) ~[play_2.10-2.2.3.jar:2.2.3]
	at play.api.Play$$anonfun$stop$1$$anonfun$apply$1$$anonfun$apply$mcV$sp$2.apply(Play.scala:105) [play_2.10-2.2.3.jar:2.2.3]
	at play.api.Play$$anonfun$stop$1$$anonfun$apply$1$$anonfun$apply$mcV$sp$2.apply(Play.scala:104) [play_2.10-2.2.3.jar:2.2.3]
	at scala.collection.immutable.List.foreach(List.scala:318) [scala-library-2.10.3.jar:na]
	at play.api.Play$$anonfun$stop$1$$anonfun$apply$1.apply$mcV$sp(Play.scala:104) [play_2.10-2.2.3.jar:2.2.3]
	at play.api.Play$$anonfun$stop$1$$anonfun$apply$1.apply(Play.scala:104) [play_2.10-2.2.3.jar:2.2.3]
	at play.api.Play$$anonfun$stop$1$$anonfun$apply$1.apply(Play.scala:104) [play_2.10-2.2.3.jar:2.2.3]
	at play.utils.Threads$.withContextClassLoader(Threads.scala:18) [play_2.10-2.2.3.jar:2.2.3]
	at play.api.Play$$anonfun$stop$1.apply(Play.scala:103) [play_2.10-2.2.3.jar:2.2.3]
	at play.api.Play$$anonfun$stop$1.apply(Play.scala:102) [play_2.10-2.2.3.jar:2.2.3]
	at scala.Option.map(Option.scala:145) [scala-library-2.10.3.jar:na]
	at play.api.Play$.stop(Play.scala:102) [play_2.10-2.2.3.jar:2.2.3]
	at play.core.server.NettyServer.stop(NettyServer.scala:163) [play_2.10-2.2.3.jar:2.2.3]
	at play.PlayRun$$anonfun$playRunTask$1$$anonfun$apply$1.apply(PlayRun.scala:318) [sbt-plugin-2.2.3.jar:2.2.3]
	at play.PlayRun$$anonfun$playRunTask$1$$anonfun$apply$1.apply(PlayRun.scala:91) [sbt-plugin-2.2.3.jar:2.2.3]
	at scala.Function7$$anonfun$tupled$1.apply(Function7.scala:35) [scala-library.jar:0.13.5]
	at scala.Function7$$anonfun$tupled$1.apply(Function7.scala:34) [scala-library.jar:0.13.5]
	at scala.Function1$$anonfun$compose$1.apply(Function1.scala:47) [scala-library.jar:0.13.5]
	at sbt.$tilde$greater$$anonfun$$u2219$1.apply(TypeFunctions.scala:42) [collections-0.13.0.jar:0.13.0]
	at sbt.std.Transform$$anon$4.work(System.scala:64) [task-system-0.13.0.jar:0.13.0]
	at sbt.Execute$$anonfun$submit$1$$anonfun$apply$1.apply(Execute.scala:237) [tasks-0.13.0.jar:0.13.0]
	at sbt.Execute$$anonfun$submit$1$$anonfun$apply$1.apply(Execute.scala:237) [tasks-0.13.0.jar:0.13.0]
	at sbt.ErrorHandling$.wideConvert(ErrorHandling.scala:18) [control-0.13.0.jar:0.13.0]
	at sbt.Execute.work(Execute.scala:244) [tasks-0.13.0.jar:0.13.0]
	at sbt.Execute$$anonfun$submit$1.apply(Execute.scala:237) [tasks-0.13.0.jar:0.13.0]
	at sbt.Execute$$anonfun$submit$1.apply(Execute.scala:237) [tasks-0.13.0.jar:0.13.0]
	at sbt.ConcurrentRestrictions$$anon$4$$anonfun$1.apply(ConcurrentRestrictions.scala:160) [tasks-0.13.0.jar:0.13.0]
	at sbt.CompletionService$$anon$2.call(CompletionService.scala:30) [tasks-0.13.0.jar:0.13.0]
	at java.util.concurrent.FutureTask.run(FutureTask.java:262) [na:1.7.0_45]
	at java.util.concurrent.Executors$RunnableAdapter.call(Executors.java:471) [na:1.7.0_45]
	at java.util.concurrent.FutureTask.run(FutureTask.java:262) [na:1.7.0_45]
	at java.util.concurrent.ThreadPoolExecutor.runWorker(ThreadPoolExecutor.java:1145) [na:1.7.0_45]
	at java.util.concurrent.ThreadPoolExecutor$Worker.run(ThreadPoolExecutor.java:615) [na:1.7.0_45]
	at java.lang.Thread.run(Thread.java:744) [na:1.7.0_45]
Caused by: java.lang.IllegalArgumentException: attempt to create delete event with null entity
	at org.hibernate.event.spi.DeleteEvent.<init>(DeleteEvent.java:45) ~[hibernate-core-4.2.3.Final.jar:4.2.3.Final]
	at org.hibernate.internal.SessionImpl.delete(SessionImpl.java:936) ~[hibernate-core-4.2.3.Final.jar:4.2.3.Final]
	at org.hibernate.ejb.AbstractEntityManagerImpl.remove(AbstractEntityManagerImpl.java:905) ~[hibernate-entitymanager-4.2.3.Final.jar:4.2.3.Final]
	at models.dao.GenericDAOImpl.removeById(GenericDAOImpl.java:44) ~[classes/:na]
	at Global$2.invoke(Global.java:80) ~[classes/:na]
	at play.db.jpa.JPA$1.apply(JPA.java:103) ~[play-java-jpa_2.10-2.2.3.jar:2.2.3]
	at play.db.jpa.JPA$1.apply(JPA.java:101) ~[play-java-jpa_2.10-2.2.3.jar:2.2.3]
	at play.db.jpa.JPA.withTransaction(JPA.java:132) ~[play-java-jpa_2.10-2.2.3.jar:2.2.3]
	at play.db.jpa.JPA.withTransaction(JPA.java:101) ~[play-java-jpa_2.10-2.2.3.jar:2.2.3]
	... 36 common frames omitted

